[01m[K/home/tianbot/slash_ws/src/slash_navigation/nav2_msg_costmap_plugin/src/msg_layer.cpp:[m[K In member function â€˜[01m[Kvirtual void nav2_msg_costmap_plugin::MsgLayer::onInitialize()[m[Kâ€™:
[01m[K/home/tianbot/slash_ws/src/slash_navigation/nav2_msg_costmap_plugin/src/msg_layer.cpp:78:71:[m[K [01;31m[Kerror: [m[Kâ€˜[01m[Krclcpp_node_[m[Kâ€™ was not declared in this scope; did you mean â€˜[01m[Krcl_node_t[m[Kâ€™?
   78 |     tf_broadcaster_ = std::make_shared<tf2_ros::TransformBroadcaster>([01;31m[Krclcpp_node_[m[K);
      |                                                                       [01;31m[K^~~~~~~~~~~~[m[K
      |                                                                       [32m[Krcl_node_t[m[K
In file included from [01m[K/opt/ros/humble/include/rclcpp/rclcpp/client.hpp:40[m[K,
                 from [01m[K/opt/ros/humble/include/rclcpp/rclcpp/callback_group.hpp:24[m[K,
                 from [01m[K/opt/ros/humble/include/rclcpp/rclcpp/any_executable.hpp:20[m[K,
                 from [01m[K/opt/ros/humble/include/rclcpp/rclcpp/memory_strategy.hpp:25[m[K,
                 from [01m[K/opt/ros/humble/include/rclcpp/rclcpp/memory_strategies.hpp:18[m[K,
                 from [01m[K/opt/ros/humble/include/rclcpp/rclcpp/executor_options.hpp:20[m[K,
                 from [01m[K/opt/ros/humble/include/rclcpp/rclcpp/executor.hpp:37[m[K,
                 from [01m[K/opt/ros/humble/include/rclcpp/rclcpp/executors/multi_threaded_executor.hpp:25[m[K,
                 from [01m[K/opt/ros/humble/include/rclcpp/rclcpp/executors.hpp:21[m[K,
                 from [01m[K/opt/ros/humble/include/rclcpp/rclcpp/rclcpp.hpp:155[m[K,
                 from [01m[K/home/tianbot/slash_ws/src/slash_navigation/nav2_msg_costmap_plugin/include/nav2_msg_costmap_plugin/msg_layer.hpp:46[m[K,
                 from [01m[K/home/tianbot/slash_ws/src/slash_navigation/nav2_msg_costmap_plugin/src/msg_layer.cpp:43[m[K:
[01m[K/home/tianbot/slash_ws/src/slash_navigation/nav2_msg_costmap_plugin/src/msg_layer.cpp:[m[K In member function â€˜[01m[Kvoid nav2_msg_costmap_plugin::MsgLayer::callback(grid_map_msgs::msg::GridMap_<std::allocator<void> >::SharedPtr)[m[Kâ€™:
[01m[K/home/tianbot/slash_ws/src/slash_navigation/nav2_msg_costmap_plugin/src/msg_layer.cpp:105:26:[m[K [01;31m[Kerror: [m[Kâ€˜[01m[Krclcpp_node_[m[Kâ€™ was not declared in this scope; did you mean â€˜[01m[Krcl_node_t[m[Kâ€™?
  105 |             RCLCPP_ERROR([01;31m[Krclcpp_node_[m[K->get_logger(), "%s",ex.what());
      |                          [01;31m[K^~~~~~~~~~~~[m[K
[01m[K/home/tianbot/slash_ws/src/slash_navigation/nav2_msg_costmap_plugin/src/msg_layer.cpp:105:13:[m[K [01;31m[Kerror: [m[Ktemplate argument 1 is invalid
  105 |             [01;31m[KRCLCPP_ERROR[m[K(rclcpp_node_->get_logger(), "%s",ex.what());
      |             [01;31m[K^~~~~~~~~~~~[m[K
[01m[K/home/tianbot/slash_ws/src/slash_navigation/nav2_msg_costmap_plugin/src/msg_layer.cpp:[m[K In member function â€˜[01m[Kvirtual void nav2_msg_costmap_plugin::MsgLayer::updateBounds(double, double, double, double*, double*, double*, double*)[m[Kâ€™:
[01m[K/home/tianbot/slash_ws/src/slash_navigation/nav2_msg_costmap_plugin/src/msg_layer.cpp:153:42:[m[K [01;35m[Kwarning: [m[Kunused parameter â€˜[01m[Krobot_yaw[m[Kâ€™ [[01;35m[K]8;;https://gcc.gnu.org/onlinedocs/gcc/Warning-Options.html#index-Wunused-parameter-Wunused-parameter]8;;[m[K]
  153 |   double robot_x, double robot_y, [01;35m[Kdouble robot_yaw[m[K, double * min_x,
      |                                   [01;35m[K~~~~~~~^~~~~~~~~[m[K
gmake[2]: *** [CMakeFiles/nav2_msg_costmap_plugin_core.dir/build.make:76ï¼šCMakeFiles/nav2_msg_costmap_plugin_core.dir/src/msg_layer.cpp.o] é”™è¯¯ 1
gmake[1]: *** [CMakeFiles/Makefile2:137ï¼šCMakeFiles/nav2_msg_costmap_plugin_core.dir/all] é”™è¯¯ 2
gmake: *** [Makefile:146ï¼šall] é”™è¯¯ 2
