[0.027s] Invoking command in '/home/tianbot/slash_ws/build/nav2_msg_costmap_plugin': CMAKE_PREFIX_PATH=/home/tianbot/tianracer_ros2_ws/install/vesc_ackermann:/home/tianbot/tianracer_ros2_ws/install/vesc_msgs:/home/tianbot/tianracer_ros2_ws/install/vector_pursuit_controller:/home/tianbot/tianracer_ros2_ws/install/tianracer_slam:/home/tianbot/tianracer_ros2_ws/install/tianracer_rviz:/home/tianbot/tianracer_ros2_ws/install/tianracer_navigation2:/home/tianbot/tianracer_ros2_ws/install/tianracer_navigation:/home/tianbot/tianracer_ros2_ws/install/tianracer_jetson:/home/tianbot/tianracer_ros2_ws/install/tianracer_description:/home/tianbot/tianracer_ros2_ws/install/tianracer_core:/home/tianbot/tianracer_ros2_ws/install/tianracer_competition:/home/tianbot/tianracer_ros2_ws/install/tianracer_bringup:/home/tianbot/tianracer_ros2_ws/install/twist_to_ackermann:/home/tianbot/tianracer_ros2_ws/install/tf2_web_republisher_py:/home/tianbot/tianracer_ros2_ws/install/joy_teleop:/home/tianbot/tianracer_ros2_ws/install/mouse_teleop:/home/tianbot/tianracer_ros2_ws/install/key_teleop:/home/tianbot/slash_ws/install/f1tenth_stack:/home/tianbot/slash_ws/install/joy_teleop:/home/tianbot/slash_ws/install/mouse_teleop:/home/tianbot/slash_ws/install/key_teleop:/opt/ros/humble:/home/tianbot/tianracer_ros2_ws/install/tianracer:/home/tianbot/tianracer_ros2_ws/install/tianbot_core:/home/tianbot/tianracer_ros2_ws/install/tf2_web_republisher:/home/tianbot/tianracer_ros2_ws/install/teleop_tools:/home/tianbot/tianracer_ros2_ws/install/teleop_tools_msgs:/home/tianbot/tianracer_ros2_ws/install/teb_local_planner:/home/tianbot/tianracer_ros2_ws/install/teb_msgs:/home/tianbot/tianracer_ros2_ws/install/slam_gmapping:/home/tianbot/tianracer_ros2_ws/install/openslam_gmapping:/home/tianbot/tianracer_ros2_ws/install/lakibeam1:/home/tianbot/tianracer_ros2_ws/install/costmap_intensity:/home/tianbot/tianracer_ros2_ws/install/costmap_converter:/home/tianbot/tianracer_ros2_ws/install/costmap_converter_msgs:/home/tianbot/tianracer_ros2_ws/install/behavior_ext_plugins:/home/tianbot/tianracer_ros2_ws/install/ackermann_mux:/home/tianbot/slash_ws/install/vesc:/home/tianbot/slash_ws/install/vesc_driver:/home/tianbot/slash_ws/install/vesc_ackermann:/home/tianbot/slash_ws/install/vesc_msgs:/home/tianbot/slash_ws/install/teleop_tools:/home/tianbot/slash_ws/install/teleop_tools_msgs:/home/tianbot/slash_ws/install/teb_local_planner:/home/tianbot/slash_ws/install/teb_msgs:/home/tianbot/slash_ws/install/slash_nav2:/home/tianbot/slash_ws/install/pointcloud_to_laserscan:/home/tianbot/slash_ws/install/pointcloud_filter:/home/tianbot/slash_ws/install/fast_lio:/home/tianbot/slash_ws/install/livox_ros_driver2:/home/tianbot/slash_ws/install/linefit_ground_segmentation_ros:/home/tianbot/slash_ws/install/linefit_ground_segmentation:/home/tianbot/slash_ws/install/icp_localization:/home/tianbot/slash_ws/install/grid_map:/home/tianbot/slash_ws/install/grid_map_demos:/home/tianbot/slash_ws/install/grid_map_visualization:/home/tianbot/slash_ws/install/grid_map_sdf:/home/tianbot/slash_ws/install/grid_map_rviz_plugin:/home/tianbot/slash_ws/install/grid_map_pcl:/home/tianbot/slash_ws/install/grid_map_loader:/home/tianbot/slash_ws/install/grid_map_filters:/home/tianbot/slash_ws/install/grid_map_ros:/home/tianbot/slash_ws/install/grid_map_octomap:/home/tianbot/slash_ws/install/grid_map_msgs:/home/tianbot/slash_ws/install/grid_map_cv:/home/tianbot/slash_ws/install/grid_map_costmap_2d:/home/tianbot/slash_ws/install/grid_map_core:/home/tianbot/slash_ws/install/grid_map_cmake_helpers:/home/tianbot/slash_ws/install/dll:/home/tianbot/slash_ws/install/costmap_converter:/home/tianbot/slash_ws/install/costmap_converter_msgs:/home/tianbot/slash_ws/install/ackermann_mux /usr/bin/cmake --build /home/tianbot/slash_ws/build/nav2_msg_costmap_plugin -- -j4 -l4
[0.094s] [35m[1mConsolidate compiler generated dependencies of target nav2_msg_costmap_plugin_core[0m
[0.133s] [ 50%] [32mBuilding CXX object CMakeFiles/nav2_msg_costmap_plugin_core.dir/src/msg_layer.cpp.o[0m
[4.935s] [01m[K/home/tianbot/slash_ws/src/slash_navigation/nav2_msg_costmap_plugin/src/msg_layer.cpp:[m[K In member function â€˜[01m[Kvirtual void nav2_msg_costmap_plugin::MsgLayer::onInitialize()[m[Kâ€™:
[4.935s] [01m[K/home/tianbot/slash_ws/src/slash_navigation/nav2_msg_costmap_plugin/src/msg_layer.cpp:78:71:[m[K [01;31m[Kerror: [m[Kâ€˜[01m[Krclcpp_node_[m[Kâ€™ was not declared in this scope; did you mean â€˜[01m[Krcl_node_t[m[Kâ€™?
[4.935s]    78 |     tf_broadcaster_ = std::make_shared<tf2_ros::TransformBroadcaster>([01;31m[Krclcpp_node_[m[K);
[4.935s]       |                                                                       [01;31m[K^~~~~~~~~~~~[m[K
[4.935s]       |                                                                       [32m[Krcl_node_t[m[K
[4.960s] In file included from [01m[K/opt/ros/humble/include/rclcpp/rclcpp/client.hpp:40[m[K,
[4.960s]                  from [01m[K/opt/ros/humble/include/rclcpp/rclcpp/callback_group.hpp:24[m[K,
[4.960s]                  from [01m[K/opt/ros/humble/include/rclcpp/rclcpp/any_executable.hpp:20[m[K,
[4.960s]                  from [01m[K/opt/ros/humble/include/rclcpp/rclcpp/memory_strategy.hpp:25[m[K,
[4.960s]                  from [01m[K/opt/ros/humble/include/rclcpp/rclcpp/memory_strategies.hpp:18[m[K,
[4.960s]                  from [01m[K/opt/ros/humble/include/rclcpp/rclcpp/executor_options.hpp:20[m[K,
[4.960s]                  from [01m[K/opt/ros/humble/include/rclcpp/rclcpp/executor.hpp:37[m[K,
[4.960s]                  from [01m[K/opt/ros/humble/include/rclcpp/rclcpp/executors/multi_threaded_executor.hpp:25[m[K,
[4.960s]                  from [01m[K/opt/ros/humble/include/rclcpp/rclcpp/executors.hpp:21[m[K,
[4.960s]                  from [01m[K/opt/ros/humble/include/rclcpp/rclcpp/rclcpp.hpp:155[m[K,
[4.960s]                  from [01m[K/home/tianbot/slash_ws/src/slash_navigation/nav2_msg_costmap_plugin/include/nav2_msg_costmap_plugin/msg_layer.hpp:46[m[K,
[4.960s]                  from [01m[K/home/tianbot/slash_ws/src/slash_navigation/nav2_msg_costmap_plugin/src/msg_layer.cpp:43[m[K:
[4.961s] [01m[K/home/tianbot/slash_ws/src/slash_navigation/nav2_msg_costmap_plugin/src/msg_layer.cpp:[m[K In member function â€˜[01m[Kvoid nav2_msg_costmap_plugin::MsgLayer::callback(grid_map_msgs::msg::GridMap_<std::allocator<void> >::SharedPtr)[m[Kâ€™:
[4.961s] [01m[K/home/tianbot/slash_ws/src/slash_navigation/nav2_msg_costmap_plugin/src/msg_layer.cpp:105:26:[m[K [01;31m[Kerror: [m[Kâ€˜[01m[Krclcpp_node_[m[Kâ€™ was not declared in this scope; did you mean â€˜[01m[Krcl_node_t[m[Kâ€™?
[4.961s]   105 |             RCLCPP_ERROR([01;31m[Krclcpp_node_[m[K->get_logger(), "%s",ex.what());
[4.961s]       |                          [01;31m[K^~~~~~~~~~~~[m[K
[4.961s] [01m[K/home/tianbot/slash_ws/src/slash_navigation/nav2_msg_costmap_plugin/src/msg_layer.cpp:105:13:[m[K [01;31m[Kerror: [m[Ktemplate argument 1 is invalid
[4.961s]   105 |             [01;31m[KRCLCPP_ERROR[m[K(rclcpp_node_->get_logger(), "%s",ex.what());
[4.961s]       |             [01;31m[K^~~~~~~~~~~~[m[K
[5.347s] [01m[K/home/tianbot/slash_ws/src/slash_navigation/nav2_msg_costmap_plugin/src/msg_layer.cpp:[m[K In member function â€˜[01m[Kvirtual void nav2_msg_costmap_plugin::MsgLayer::updateBounds(double, double, double, double*, double*, double*, double*)[m[Kâ€™:
[5.347s] [01m[K/home/tianbot/slash_ws/src/slash_navigation/nav2_msg_costmap_plugin/src/msg_layer.cpp:153:42:[m[K [01;35m[Kwarning: [m[Kunused parameter â€˜[01m[Krobot_yaw[m[Kâ€™ [[01;35m[K]8;;https://gcc.gnu.org/onlinedocs/gcc/Warning-Options.html#index-Wunused-parameter-Wunused-parameter]8;;[m[K]
[5.348s]   153 |   double robot_x, double robot_y, [01;35m[Kdouble robot_yaw[m[K, double * min_x,
[5.348s]       |                                   [01;35m[K~~~~~~~^~~~~~~~~[m[K
[9.014s] gmake[2]: *** [CMakeFiles/nav2_msg_costmap_plugin_core.dir/build.make:76ï¼šCMakeFiles/nav2_msg_costmap_plugin_core.dir/src/msg_layer.cpp.o] é”™è¯¯ 1
[9.014s] gmake[1]: *** [CMakeFiles/Makefile2:137ï¼šCMakeFiles/nav2_msg_costmap_plugin_core.dir/all] é”™è¯¯ 2
[9.014s] gmake: *** [Makefile:146ï¼šall] é”™è¯¯ 2
[9.016s] Invoked command in '/home/tianbot/slash_ws/build/nav2_msg_costmap_plugin' returned '2': CMAKE_PREFIX_PATH=/home/tianbot/tianracer_ros2_ws/install/vesc_ackermann:/home/tianbot/tianracer_ros2_ws/install/vesc_msgs:/home/tianbot/tianracer_ros2_ws/install/vector_pursuit_controller:/home/tianbot/tianracer_ros2_ws/install/tianracer_slam:/home/tianbot/tianracer_ros2_ws/install/tianracer_rviz:/home/tianbot/tianracer_ros2_ws/install/tianracer_navigation2:/home/tianbot/tianracer_ros2_ws/install/tianracer_navigation:/home/tianbot/tianracer_ros2_ws/install/tianracer_jetson:/home/tianbot/tianracer_ros2_ws/install/tianracer_description:/home/tianbot/tianracer_ros2_ws/install/tianracer_core:/home/tianbot/tianracer_ros2_ws/install/tianracer_competition:/home/tianbot/tianracer_ros2_ws/install/tianracer_bringup:/home/tianbot/tianracer_ros2_ws/install/twist_to_ackermann:/home/tianbot/tianracer_ros2_ws/install/tf2_web_republisher_py:/home/tianbot/tianracer_ros2_ws/install/joy_teleop:/home/tianbot/tianracer_ros2_ws/install/mouse_teleop:/home/tianbot/tianracer_ros2_ws/install/key_teleop:/home/tianbot/slash_ws/install/f1tenth_stack:/home/tianbot/slash_ws/install/joy_teleop:/home/tianbot/slash_ws/install/mouse_teleop:/home/tianbot/slash_ws/install/key_teleop:/opt/ros/humble:/home/tianbot/tianracer_ros2_ws/install/tianracer:/home/tianbot/tianracer_ros2_ws/install/tianbot_core:/home/tianbot/tianracer_ros2_ws/install/tf2_web_republisher:/home/tianbot/tianracer_ros2_ws/install/teleop_tools:/home/tianbot/tianracer_ros2_ws/install/teleop_tools_msgs:/home/tianbot/tianracer_ros2_ws/install/teb_local_planner:/home/tianbot/tianracer_ros2_ws/install/teb_msgs:/home/tianbot/tianracer_ros2_ws/install/slam_gmapping:/home/tianbot/tianracer_ros2_ws/install/openslam_gmapping:/home/tianbot/tianracer_ros2_ws/install/lakibeam1:/home/tianbot/tianracer_ros2_ws/install/costmap_intensity:/home/tianbot/tianracer_ros2_ws/install/costmap_converter:/home/tianbot/tianracer_ros2_ws/install/costmap_converter_msgs:/home/tianbot/tianracer_ros2_ws/install/behavior_ext_plugins:/home/tianbot/tianracer_ros2_ws/install/ackermann_mux:/home/tianbot/slash_ws/install/vesc:/home/tianbot/slash_ws/install/vesc_driver:/home/tianbot/slash_ws/install/vesc_ackermann:/home/tianbot/slash_ws/install/vesc_msgs:/home/tianbot/slash_ws/install/teleop_tools:/home/tianbot/slash_ws/install/teleop_tools_msgs:/home/tianbot/slash_ws/install/teb_local_planner:/home/tianbot/slash_ws/install/teb_msgs:/home/tianbot/slash_ws/install/slash_nav2:/home/tianbot/slash_ws/install/pointcloud_to_laserscan:/home/tianbot/slash_ws/install/pointcloud_filter:/home/tianbot/slash_ws/install/fast_lio:/home/tianbot/slash_ws/install/livox_ros_driver2:/home/tianbot/slash_ws/install/linefit_ground_segmentation_ros:/home/tianbot/slash_ws/install/linefit_ground_segmentation:/home/tianbot/slash_ws/install/icp_localization:/home/tianbot/slash_ws/install/grid_map:/home/tianbot/slash_ws/install/grid_map_demos:/home/tianbot/slash_ws/install/grid_map_visualization:/home/tianbot/slash_ws/install/grid_map_sdf:/home/tianbot/slash_ws/install/grid_map_rviz_plugin:/home/tianbot/slash_ws/install/grid_map_pcl:/home/tianbot/slash_ws/install/grid_map_loader:/home/tianbot/slash_ws/install/grid_map_filters:/home/tianbot/slash_ws/install/grid_map_ros:/home/tianbot/slash_ws/install/grid_map_octomap:/home/tianbot/slash_ws/install/grid_map_msgs:/home/tianbot/slash_ws/install/grid_map_cv:/home/tianbot/slash_ws/install/grid_map_costmap_2d:/home/tianbot/slash_ws/install/grid_map_core:/home/tianbot/slash_ws/install/grid_map_cmake_helpers:/home/tianbot/slash_ws/install/dll:/home/tianbot/slash_ws/install/costmap_converter:/home/tianbot/slash_ws/install/costmap_converter_msgs:/home/tianbot/slash_ws/install/ackermann_mux /usr/bin/cmake --build /home/tianbot/slash_ws/build/nav2_msg_costmap_plugin -- -j4 -l4
