-- The C compiler identification is GNU 11.4.0
-- The CXX compiler identification is GNU 11.4.0
-- Detecting C compiler ABI info
-- Detecting C compiler ABI info - done
-- Check for working C compiler: /usr/bin/cc - skipped
-- Detecting C compile features
-- Detecting C compile features - done
-- Detecting CXX compiler ABI info
-- Detecting CXX compiler ABI info - done
-- Check for working CXX compiler: /usr/bin/c++ - skipped
-- Detecting CXX compile features
-- Detecting CXX compile features - done
-- Found ament_cmake: 1.3.12 (/opt/ros/humble/share/ament_cmake/cmake)
-- Found Python3: /usr/bin/python3 (found version "3.10.12") found components: Interpreter 
-- Override CMake install command with custom implementation using symlinks instead of copying resources
-- Found rclcpp: 16.0.15 (/opt/ros/humble/share/rclcpp/cmake)
-- Found rosidl_generator_c: 3.1.7 (/opt/ros/humble/share/rosidl_generator_c/cmake)
-- Found rosidl_adapter: 3.1.7 (/opt/ros/humble/share/rosidl_adapter/cmake)
-- Found rosidl_generator_cpp: 3.1.7 (/opt/ros/humble/share/rosidl_generator_cpp/cmake)
-- Using all available rosidl_typesupport_c: rosidl_typesupport_fastrtps_c;rosidl_typesupport_introspection_c
-- Using all available rosidl_typesupport_cpp: rosidl_typesupport_fastrtps_cpp;rosidl_typesupport_introspection_cpp
-- Found rmw_implementation_cmake: 6.1.2 (/opt/ros/humble/share/rmw_implementation_cmake/cmake)
-- Found rmw_cyclonedds_cpp: 1.3.4 (/opt/ros/humble/share/rmw_cyclonedds_cpp/cmake)
-- Using RMW implementation 'rmw_cyclonedds_cpp' as default
-- Looking for pthread.h
-- Looking for pthread.h - found
-- Performing Test CMAKE_HAVE_LIBC_PTHREAD
-- Performing Test CMAKE_HAVE_LIBC_PTHREAD - Success
-- Found Threads: TRUE  
-- Found nav2_costmap_2d: 1.1.19 (/opt/ros/humble/share/nav2_costmap_2d/cmake)
-- Found Eigen3: TRUE (found version "3.4.0") 
-- Ensuring Eigen3 include directory is part of orocos-kdl CMake target
-- Found grid_map_core: 2.1.0 (/home/tianbot/slash_ws/install/grid_map_core/share/grid_map_core/cmake)
-- Found grid_map_ros: 2.1.0 (/home/tianbot/slash_ws/install/grid_map_ros/share/grid_map_ros/cmake)
-- Found tf2_eigen: 0.25.16 (/opt/ros/humble/share/tf2_eigen/cmake)
-- Configuring done
-- Generating done
-- Build files have been written to: /home/tianbot/slash_ws/build/nav2_msg_costmap_plugin
[ 50%] [32mBuilding CXX object CMakeFiles/nav2_msg_costmap_plugin_core.dir/src/msg_layer.cpp.o[0m
In file included from [01m[K/home/tianbot/slash_ws/src/slash_navigation/nav2_msg_costmap_plugin/include/nav2_msg_costmap_plugin/msg_layer.hpp:52[m[K,
                 from [01m[K/home/tianbot/slash_ws/src/slash_navigation/nav2_msg_costmap_plugin/src/msg_layer.cpp:43[m[K:
[01m[K/opt/ros/humble/include/tf2_eigen/tf2_eigen/tf2_eigen.h:32:2:[m[K [01;35m[Kwarning: [m[K#warning This header is obsolete, please include tf2_eigen/tf2_eigen.hpp instead [[01;35m[K]8;;https://gcc.gnu.org/onlinedocs/gcc/Warning-Options.html#index-Wcpp-Wcpp]8;;[m[K]
   32 | #[01;35m[Kwarning[m[K This header is obsolete, please include tf2_eigen/tf2_eigen.hpp instead
      |  [01;35m[K^~~~~~~[m[K
In file included from [01m[K/home/tianbot/slash_ws/src/slash_navigation/nav2_msg_costmap_plugin/include/nav2_msg_costmap_plugin/msg_layer.hpp:55[m[K,
                 from [01m[K/home/tianbot/slash_ws/src/slash_navigation/nav2_msg_costmap_plugin/src/msg_layer.cpp:43[m[K:
[01m[K/opt/ros/humble/include/tf2_geometry_msgs/tf2_geometry_msgs/tf2_geometry_msgs.h:35:2:[m[K [01;35m[Kwarning: [m[K#warning This header is obsolete, please include tf2_geometry_msgs/tf2_geometry_msgs.hpp instead [[01;35m[K]8;;https://gcc.gnu.org/onlinedocs/gcc/Warning-Options.html#index-Wcpp-Wcpp]8;;[m[K]
   35 | #[01;35m[Kwarning[m[K This header is obsolete, please include tf2_geometry_msgs/tf2_geometry_msgs.hpp instead
      |  [01;35m[K^~~~~~~[m[K
[01m[K/home/tianbot/slash_ws/src/slash_navigation/nav2_msg_costmap_plugin/src/msg_layer.cpp:[m[K In member function â€˜[01m[Kvirtual void nav2_msg_costmap_plugin::MsgLayer::onInitialize()[m[Kâ€™:
[01m[K/home/tianbot/slash_ws/src/slash_navigation/nav2_msg_costmap_plugin/src/msg_layer.cpp:78:71:[m[K [01;31m[Kerror: [m[Kâ€˜[01m[Krclcpp_node_[m[Kâ€™ was not declared in this scope; did you mean â€˜[01m[Krcl_node_t[m[Kâ€™?
   78 |     tf_broadcaster_ = std::make_shared<tf2_ros::TransformBroadcaster>([01;31m[Krclcpp_node_[m[K);
      |                                                                       [01;31m[K^~~~~~~~~~~~[m[K
      |                                                                       [32m[Krcl_node_t[m[K
In file included from [01m[K/opt/ros/humble/include/rclcpp/rclcpp/client.hpp:40[m[K,
                 from [01m[K/opt/ros/humble/include/rclcpp/rclcpp/callback_group.hpp:24[m[K,
                 from [01m[K/opt/ros/humble/include/rclcpp/rclcpp/any_executable.hpp:20[m[K,
                 from [01m[K/opt/ros/humble/include/rclcpp/rclcpp/memory_strategy.hpp:25[m[K,
                 from [01m[K/opt/ros/humble/include/rclcpp/rclcpp/memory_strategies.hpp:18[m[K,
                 from [01m[K/opt/ros/humble/include/rclcpp/rclcpp/executor_options.hpp:20[m[K,
                 from [01m[K/opt/ros/humble/include/rclcpp/rclcpp/executor.hpp:37[m[K,
                 from [01m[K/opt/ros/humble/include/rclcpp/rclcpp/executors/multi_threaded_executor.hpp:25[m[K,
                 from [01m[K/opt/ros/humble/include/rclcpp/rclcpp/executors.hpp:21[m[K,
                 from [01m[K/opt/ros/humble/include/rclcpp/rclcpp/rclcpp.hpp:155[m[K,
                 from [01m[K/home/tianbot/slash_ws/src/slash_navigation/nav2_msg_costmap_plugin/include/nav2_msg_costmap_plugin/msg_layer.hpp:46[m[K,
                 from [01m[K/home/tianbot/slash_ws/src/slash_navigation/nav2_msg_costmap_plugin/src/msg_layer.cpp:43[m[K:
[01m[K/home/tianbot/slash_ws/src/slash_navigation/nav2_msg_costmap_plugin/src/msg_layer.cpp:[m[K In member function â€˜[01m[Kvoid nav2_msg_costmap_plugin::MsgLayer::callback(grid_map_msgs::msg::GridMap_<std::allocator<void> >::SharedPtr)[m[Kâ€™:
[01m[K/home/tianbot/slash_ws/src/slash_navigation/nav2_msg_costmap_plugin/src/msg_layer.cpp:105:26:[m[K [01;31m[Kerror: [m[Kâ€˜[01m[Krclcpp_node_[m[Kâ€™ was not declared in this scope; did you mean â€˜[01m[Krcl_node_t[m[Kâ€™?
  105 |             RCLCPP_ERROR([01;31m[Krclcpp_node_[m[K->get_logger(), "%s",ex.what());
      |                          [01;31m[K^~~~~~~~~~~~[m[K
[01m[K/home/tianbot/slash_ws/src/slash_navigation/nav2_msg_costmap_plugin/src/msg_layer.cpp:105:13:[m[K [01;31m[Kerror: [m[Ktemplate argument 1 is invalid
  105 |             [01;31m[KRCLCPP_ERROR[m[K(rclcpp_node_->get_logger(), "%s",ex.what());
      |             [01;31m[K^~~~~~~~~~~~[m[K
[01m[K/home/tianbot/slash_ws/src/slash_navigation/nav2_msg_costmap_plugin/src/msg_layer.cpp:[m[K In member function â€˜[01m[Kvirtual void nav2_msg_costmap_plugin::MsgLayer::updateBounds(double, double, double, double*, double*, double*, double*)[m[Kâ€™:
[01m[K/home/tianbot/slash_ws/src/slash_navigation/nav2_msg_costmap_plugin/src/msg_layer.cpp:153:42:[m[K [01;35m[Kwarning: [m[Kunused parameter â€˜[01m[Krobot_yaw[m[Kâ€™ [[01;35m[K]8;;https://gcc.gnu.org/onlinedocs/gcc/Warning-Options.html#index-Wunused-parameter-Wunused-parameter]8;;[m[K]
  153 |   double robot_x, double robot_y, [01;35m[Kdouble robot_yaw[m[K, double * min_x,
      |                                   [01;35m[K~~~~~~~^~~~~~~~~[m[K
gmake[2]: *** [CMakeFiles/nav2_msg_costmap_plugin_core.dir/build.make:76ï¼šCMakeFiles/nav2_msg_costmap_plugin_core.dir/src/msg_layer.cpp.o] é”™è¯¯ 1
gmake[1]: *** [CMakeFiles/Makefile2:137ï¼šCMakeFiles/nav2_msg_costmap_plugin_core.dir/all] é”™è¯¯ 2
gmake: *** [Makefile:146ï¼šall] é”™è¯¯ 2
